Running with n = 1000000 and 1024
Running with t = 1
-1000
1000
55.2012

Running with t = 2
-1000
1000
29.9646

Running with t = 3
-1000
1000
29.598

Running with t = 4
-1000
1000
23.2708

Running with t = 5
-1000
1000
23.2194

Running with t = 6
-1000
1000
19.6662

Running with t = 7
-1000
1000
18.7265

Running with t = 8
-1000
1000
18.1258

Running with t = 9
-1000
1000
19.8878

Running with t = 10
-1000
1000
27.7857

Running with t = 11
-1000
1000
26.0608

Running with t = 12
-1000
1000
31.613

Running with t = 13
-1000
1000
19.3734

Running with t = 14
-1000
1000
29.1384

Running with t = 15
-1000
1000
24.9691

Running with t = 16
-1000
1000
27.1353

Running with t = 17
-1000
1000
20.399

Running with t = 18
-1000
1000
25.1908

Running with t = 19
-1000
1000
31.2524

Running with t = 20
-1000
1000
32.6276

